<?xml version="1.0" encoding="UTF-8"?>
<testng-results skipped="0" failed="0" ignored="0" total="1" passed="1">
  <reporter-output>
  </reporter-output>
  <suite name="Default suite" duration-ms="45573" started-at="2022-05-18T15:05:45Z" finished-at="2022-05-18T15:06:31Z">
    <groups>
      <group name="cucumber">
        <method signature="AbstractTestNGCucumberTests.runScenario(io.cucumber.testng.PickleWrapper, io.cucumber.testng.FeatureWrapper)[pri:0, instance:com.runner.TestRunner@6f96c77]" name="runScenario" class="io.cucumber.testng.AbstractTestNGCucumberTests"/>
      </group> <!-- cucumber -->
    </groups>
    <test name="Default test" duration-ms="45573" started-at="2022-05-18T15:05:45Z" finished-at="2022-05-18T15:06:31Z">
      <class name="com.runner.TestRunner">
        <test-method status="PASS" signature="setUpClass()[pri:0, instance:com.runner.TestRunner@6f96c77]" name="setUpClass" is-config="true" duration-ms="259" started-at="2022-05-18T20:35:45Z" finished-at="2022-05-18T20:35:46Z">
          <reporter-output>
          </reporter-output>
        </test-method> <!-- setUpClass -->
        <test-method status="PASS" signature="runScenario(io.cucumber.testng.PickleWrapper, io.cucumber.testng.FeatureWrapper)[pri:0, instance:com.runner.TestRunner@6f96c77]" name="runScenario" duration-ms="45286" started-at="2022-05-18T20:35:46Z" description="Runs Cucumber Scenarios" data-provider="scenarios" finished-at="2022-05-18T20:36:31Z">
          <params>
            <param index="0">
              <value>
                <![CDATA["Open SnapDeal Application"]]>
              </value>
            </param>
            <param index="1">
              <value>
                <![CDATA["Optional[SnapDeal Application]"]]>
              </value>
            </param>
          </params>
          <reporter-output>
          </reporter-output>
        </test-method> <!-- runScenario -->
        <test-method status="PASS" signature="tearDownClass()[pri:0, instance:com.runner.TestRunner@6f96c77]" name="tearDownClass" is-config="true" duration-ms="8" started-at="2022-05-18T20:36:31Z" finished-at="2022-05-18T20:36:31Z">
          <reporter-output>
          </reporter-output>
        </test-method> <!-- tearDownClass -->
      </class> <!-- com.runner.TestRunner -->
    </test> <!-- Default test -->
  </suite> <!-- Default suite -->
</testng-results>
