<?xml version="1.0" encoding="UTF-8"?>
<testng-results ignored="0" total="1" passed="1" failed="0" skipped="0">
  <reporter-output>
  </reporter-output>
  <suite started-at="2022-05-18T15:07:49Z" name="com.runner.TestRunner" finished-at="2022-05-18T15:08:34Z" duration-ms="44986">
    <groups>
      <group name="cucumber">
        <method signature="AbstractTestNGCucumberTests.runScenario(io.cucumber.testng.PickleWrapper, io.cucumber.testng.FeatureWrapper)[pri:0, instance:com.runner.TestRunner@15c43bd9]" name="runScenario" class="io.cucumber.testng.AbstractTestNGCucumberTests"/>
      </group> <!-- cucumber -->
    </groups>
    <test started-at="2022-05-18T15:07:49Z" name="Command line test" finished-at="2022-05-18T15:08:34Z" duration-ms="44986">
      <class name="com.runner.TestRunner">
        <test-method is-config="true" signature="setUpClass()[pri:0, instance:com.runner.TestRunner@15c43bd9]" started-at="2022-05-18T20:37:49Z" name="setUpClass" finished-at="2022-05-18T20:37:49Z" duration-ms="206" status="PASS">
          <reporter-output>
          </reporter-output>
        </test-method> <!-- setUpClass -->
        <test-method signature="runScenario(io.cucumber.testng.PickleWrapper, io.cucumber.testng.FeatureWrapper)[pri:0, instance:com.runner.TestRunner@15c43bd9]" started-at="2022-05-18T20:37:49Z" name="runScenario" description="Runs Cucumber Scenarios" data-provider="scenarios" finished-at="2022-05-18T20:38:34Z" duration-ms="44758" status="PASS">
          <params>
            <param index="0">
              <value>
                <![CDATA["Open SnapDeal Application"]]>
              </value>
            </param>
            <param index="1">
              <value>
                <![CDATA["Optional[SnapDeal Application]"]]>
              </value>
            </param>
          </params>
          <reporter-output>
          </reporter-output>
        </test-method> <!-- runScenario -->
        <test-method is-config="true" signature="tearDownClass()[pri:0, instance:com.runner.TestRunner@15c43bd9]" started-at="2022-05-18T20:38:34Z" name="tearDownClass" finished-at="2022-05-18T20:38:34Z" duration-ms="8" status="PASS">
          <reporter-output>
          </reporter-output>
        </test-method> <!-- tearDownClass -->
      </class> <!-- com.runner.TestRunner -->
    </test> <!-- Command line test -->
  </suite> <!-- com.runner.TestRunner -->
</testng-results>
